2026.06.25 20:38:50 INFO  Started: Metals version 1.6.7 in folders 'C:\Users\Raghav\OneDrive\Desktop\Scala' for client Visual Studio Code 1.125.1.
2026.06.25 20:38:50 INFO  Memory monitor started
2026.06.25 20:38:50 WARN  Using H2 2.4.240 which is newer than the version Flyway has been verified with. The latest verified version of H2 is 2.3.232.
2026.06.25 20:38:52 INFO  no build target found for C:\Users\Raghav\OneDrive\Desktop\Scala\Hello.scala. Using presentation compiler with project's scala-library version: 3.3.7
2026.06.25 20:38:52 ERROR Unexpected error initializing server: 
java.nio.file.InvalidPathException: Trailing char < > at index 48: C:\Users\Raghav\AppData\Local\Programs\Microsoft 
	at sun.nio.fs.WindowsPathParser.normalize(WindowsPathParser.java:191)
	at sun.nio.fs.WindowsPathParser.parse(WindowsPathParser.java:153)
	at sun.nio.fs.WindowsPathParser.parse(WindowsPathParser.java:77)
	at sun.nio.fs.WindowsPath.parse(WindowsPath.java:92)
	at sun.nio.fs.WindowsFileSystem.getPath(WindowsFileSystem.java:232)
	at java.nio.file.Path.of(Path.java:147)
	at java.nio.file.Paths.get(Paths.java:69)
	at scala.meta.internal.metals.Embedded$.$anonfun$findInPath$4(Embedded.scala:782)
	at scala.collection.Iterator$$anon$9.next(Iterator.scala:594)
	at scala.collection.Iterator$$anon$6.hasNext(Iterator.scala:488)
	at scala.collection.Iterator$$anon$9.hasNext(Iterator.scala:593)
	at scala.collection.Iterator$$anon$10.hasNext(Iterator.scala:610)
	at scala.collection.immutable.Stream$.fromIterator(Stream.scala:469)
	at scala.collection.immutable.Stream$.from(Stream.scala:457)
	at scala.collection.immutable.Stream$.from(Stream.scala:357)
	at scala.collection.IterableFactory$ToFactory.fromSpecific(Factory.scala:274)
	at scala.collection.IterableOnceOps.to(IterableOnce.scala:1460)
	at scala.collection.IterableOnceOps.to$(IterableOnce.scala:1460)
	at scala.collection.AbstractIterator.to(Iterator.scala:1313)
	at scala.collection.IterableOnceOps.toStream(IterableOnce.scala:1505)
	at scala.collection.IterableOnceOps.toStream$(IterableOnce.scala:1505)
	at scala.collection.AbstractIterator.toStream(Iterator.scala:1313)
	at scala.meta.internal.metals.Embedded$.findInPath(Embedded.scala:785)
	at scala.meta.internal.metals.scalacli.ScalaCli$.$anonfun$localScalaCli$4(ScalaCli.scala:369)
	at scala.Option.orElse(Option.scala:477)
	at scala.meta.internal.metals.scalacli.ScalaCli$.localScalaCli(ScalaCli.scala:371)
	at scala.meta.internal.metals.scalacli.ScalaCliServers.localScalaCli$lzycompute(ScalaCliServers.scala:62)
	at scala.meta.internal.metals.scalacli.ScalaCliServers.localScalaCli(ScalaCliServers.scala:61)
	at scala.meta.internal.metals.scalacli.ScalaCliServers.setupIDE(ScalaCliServers.scala:67)
	at scala.meta.internal.metals.ProjectMetalsLspService.maybeSetupScalaCli(ProjectMetalsLspService.scala:391)
	at scala.meta.internal.metals.ProjectMetalsLspService.$anonfun$onInitialized$1(ProjectMetalsLspService.scala:402)
	at scala.meta.internal.metals.ConnectionProvider.withWillGenerateBspConfig(ConnectionProvider.scala:78)
	at scala.meta.internal.metals.ProjectMetalsLspService.onInitialized(ProjectMetalsLspService.scala:402)
	at scala.meta.internal.metals.MetalsLspService.$anonfun$initialized$1(MetalsLspService.scala:690)
	at scala.concurrent.impl.Promise$Transformation.run(Promise.scala:503)
	at java.util.concurrent.ThreadPoolExecutor.runWorker(ThreadPoolExecutor.java:1136)
	at java.util.concurrent.ThreadPoolExecutor$Worker.run(ThreadPoolExecutor.java:635)
	at java.lang.Thread.run(Thread.java:840)

2026.06.25 20:38:55 INFO  no build target found for C:\Users\Raghav\OneDrive\Desktop\Scala\Hello.scala. Using presentation compiler with project's scala-library version: 3.3.7
2026.06.25 20:39:14 WARN  no build target for: C:\Users\Raghav\OneDrive\Desktop\Scala\Hello.scala
Jun 25, 2026 8:39:14 PM org.eclipse.lsp4j.jsonrpc.RemoteEndpoint handleCancellation
WARNING: Unmatched cancel notification for request id 6
2026.06.25 20:39:23 INFO  no build target found for C:\Users\Raghav\OneDrive\Desktop\Scala\Hello.scala. Using presentation compiler with project's scala-library version: 3.3.7
2026.06.25 20:48:15 INFO  Shutting down server
2026.06.25 20:48:15 INFO  Memory monitor stopped
2026.06.25 20:48:15 INFO  shutting down Metals
2026.06.25 20:48:15 INFO  Exiting server
2026.06.25 20:49:13 INFO  Started: Metals version 1.6.7 in folders 'C:\Users\Raghav\OneDrive\Desktop\Scala' for client Visual Studio Code 1.125.1.
2026.06.25 20:49:13 INFO  Memory monitor started
2026.06.25 20:49:13 WARN  Using H2 2.4.240 which is newer than the version Flyway has been verified with. The latest verified version of H2 is 2.3.232.
2026.06.25 20:49:14 INFO  no build target found for C:\Users\Raghav\OneDrive\Desktop\Scala\Hello.scala. Using presentation compiler with project's scala-library version: 3.3.7
2026.06.25 20:49:14 ERROR Unexpected error initializing server: 
java.nio.file.InvalidPathException: Trailing char < > at index 48: C:\Users\Raghav\AppData\Local\Programs\Microsoft 
	at sun.nio.fs.WindowsPathParser.normalize(WindowsPathParser.java:191)
	at sun.nio.fs.WindowsPathParser.parse(WindowsPathParser.java:153)
	at sun.nio.fs.WindowsPathParser.parse(WindowsPathParser.java:77)
	at sun.nio.fs.WindowsPath.parse(WindowsPath.java:92)
	at sun.nio.fs.WindowsFileSystem.getPath(WindowsFileSystem.java:232)
	at java.nio.file.Path.of(Path.java:147)
	at java.nio.file.Paths.get(Paths.java:69)
	at scala.meta.internal.metals.Embedded$.$anonfun$findInPath$4(Embedded.scala:782)
	at scala.collection.Iterator$$anon$9.next(Iterator.scala:594)
	at scala.collection.Iterator$$anon$6.hasNext(Iterator.scala:488)
	at scala.collection.Iterator$$anon$9.hasNext(Iterator.scala:593)
	at scala.collection.Iterator$$anon$10.hasNext(Iterator.scala:610)
	at scala.collection.immutable.Stream$.fromIterator(Stream.scala:469)
	at scala.collection.immutable.Stream$.from(Stream.scala:457)
	at scala.collection.immutable.Stream$.from(Stream.scala:357)
	at scala.collection.IterableFactory$ToFactory.fromSpecific(Factory.scala:274)
	at scala.collection.IterableOnceOps.to(IterableOnce.scala:1460)
	at scala.collection.IterableOnceOps.to$(IterableOnce.scala:1460)
	at scala.collection.AbstractIterator.to(Iterator.scala:1313)
	at scala.collection.IterableOnceOps.toStream(IterableOnce.scala:1505)
	at scala.collection.IterableOnceOps.toStream$(IterableOnce.scala:1505)
	at scala.collection.AbstractIterator.toStream(Iterator.scala:1313)
	at scala.meta.internal.metals.Embedded$.findInPath(Embedded.scala:785)
	at scala.meta.internal.metals.scalacli.ScalaCli$.$anonfun$localScalaCli$4(ScalaCli.scala:369)
	at scala.Option.orElse(Option.scala:477)
	at scala.meta.internal.metals.scalacli.ScalaCli$.localScalaCli(ScalaCli.scala:371)
	at scala.meta.internal.metals.scalacli.ScalaCliServers.localScalaCli$lzycompute(ScalaCliServers.scala:62)
	at scala.meta.internal.metals.scalacli.ScalaCliServers.localScalaCli(ScalaCliServers.scala:61)
	at scala.meta.internal.metals.scalacli.ScalaCliServers.setupIDE(ScalaCliServers.scala:67)
	at scala.meta.internal.metals.ProjectMetalsLspService.maybeSetupScalaCli(ProjectMetalsLspService.scala:391)
	at scala.meta.internal.metals.ProjectMetalsLspService.$anonfun$onInitialized$1(ProjectMetalsLspService.scala:402)
	at scala.meta.internal.metals.ConnectionProvider.withWillGenerateBspConfig(ConnectionProvider.scala:78)
	at scala.meta.internal.metals.ProjectMetalsLspService.onInitialized(ProjectMetalsLspService.scala:402)
	at scala.meta.internal.metals.MetalsLspService.$anonfun$initialized$1(MetalsLspService.scala:690)
	at scala.concurrent.impl.Promise$Transformation.run(Promise.scala:503)
	at java.util.concurrent.ThreadPoolExecutor.runWorker(ThreadPoolExecutor.java:1136)
	at java.util.concurrent.ThreadPoolExecutor$Worker.run(ThreadPoolExecutor.java:635)
	at java.lang.Thread.run(Thread.java:840)

2026.06.25 20:49:23 INFO  Shutting down server
2026.06.25 20:49:23 INFO  Memory monitor stopped
2026.06.25 20:49:23 INFO  shutting down Metals
2026.06.25 20:49:23 INFO  Exiting server
2026.07.02 11:10:41 INFO  Started: Metals version 1.6.7 in folders 'C:\Users\Raghav\OneDrive\Desktop\Scala' for client Visual Studio Code 1.127.0.
2026.07.02 11:10:41 INFO  Memory monitor started
2026.07.02 11:10:43 WARN  Using H2 2.4.240 which is newer than the version Flyway has been verified with. The latest verified version of H2 is 2.3.232.
2026.07.02 11:10:43 INFO  no build target found for C:\Users\Raghav\OneDrive\Desktop\Scala\Hello.scala. Using presentation compiler with project's scala-library version: 3.3.7
2026.07.02 11:10:44 ERROR Unexpected error initializing server: 
java.nio.file.InvalidPathException: Trailing char < > at index 48: C:\Users\Raghav\AppData\Local\Programs\Microsoft 
	at sun.nio.fs.WindowsPathParser.normalize(WindowsPathParser.java:191)
	at sun.nio.fs.WindowsPathParser.parse(WindowsPathParser.java:153)
	at sun.nio.fs.WindowsPathParser.parse(WindowsPathParser.java:77)
	at sun.nio.fs.WindowsPath.parse(WindowsPath.java:92)
	at sun.nio.fs.WindowsFileSystem.getPath(WindowsFileSystem.java:232)
	at java.nio.file.Path.of(Path.java:147)
	at java.nio.file.Paths.get(Paths.java:69)
	at scala.meta.internal.metals.Embedded$.$anonfun$findInPath$4(Embedded.scala:782)
	at scala.collection.Iterator$$anon$9.next(Iterator.scala:594)
	at scala.collection.Iterator$$anon$6.hasNext(Iterator.scala:488)
	at scala.collection.Iterator$$anon$9.hasNext(Iterator.scala:593)
	at scala.collection.Iterator$$anon$10.hasNext(Iterator.scala:610)
	at scala.collection.immutable.Stream$.fromIterator(Stream.scala:469)
	at scala.collection.immutable.Stream$.from(Stream.scala:457)
	at scala.collection.immutable.Stream$.from(Stream.scala:357)
	at scala.collection.IterableFactory$ToFactory.fromSpecific(Factory.scala:274)
	at scala.collection.IterableOnceOps.to(IterableOnce.scala:1460)
	at scala.collection.IterableOnceOps.to$(IterableOnce.scala:1460)
	at scala.collection.AbstractIterator.to(Iterator.scala:1313)
	at scala.collection.IterableOnceOps.toStream(IterableOnce.scala:1505)
	at scala.collection.IterableOnceOps.toStream$(IterableOnce.scala:1505)
	at scala.collection.AbstractIterator.toStream(Iterator.scala:1313)
	at scala.meta.internal.metals.Embedded$.findInPath(Embedded.scala:785)
	at scala.meta.internal.metals.scalacli.ScalaCli$.$anonfun$localScalaCli$4(ScalaCli.scala:369)
	at scala.Option.orElse(Option.scala:477)
	at scala.meta.internal.metals.scalacli.ScalaCli$.localScalaCli(ScalaCli.scala:371)
	at scala.meta.internal.metals.scalacli.ScalaCliServers.localScalaCli$lzycompute(ScalaCliServers.scala:62)
	at scala.meta.internal.metals.scalacli.ScalaCliServers.localScalaCli(ScalaCliServers.scala:61)
	at scala.meta.internal.metals.scalacli.ScalaCliServers.setupIDE(ScalaCliServers.scala:67)
	at scala.meta.internal.metals.ProjectMetalsLspService.maybeSetupScalaCli(ProjectMetalsLspService.scala:391)
	at scala.meta.internal.metals.ProjectMetalsLspService.$anonfun$onInitialized$1(ProjectMetalsLspService.scala:402)
	at scala.meta.internal.metals.ConnectionProvider.withWillGenerateBspConfig(ConnectionProvider.scala:78)
	at scala.meta.internal.metals.ProjectMetalsLspService.onInitialized(ProjectMetalsLspService.scala:402)
	at scala.meta.internal.metals.MetalsLspService.$anonfun$initialized$1(MetalsLspService.scala:690)
	at scala.concurrent.impl.Promise$Transformation.run(Promise.scala:503)
	at java.util.concurrent.ThreadPoolExecutor.runWorker(ThreadPoolExecutor.java:1136)
	at java.util.concurrent.ThreadPoolExecutor$Worker.run(ThreadPoolExecutor.java:635)
	at java.lang.Thread.run(Thread.java:840)

Jul 02, 2026 11:11:07 AM org.eclipse.lsp4j.jsonrpc.services.GenericEndpoint notify
INFO: Unsupported notification method: $/setTrace
2026.07.02 11:28:59 INFO  no build target found for C:\Users\Raghav\OneDrive\Desktop\Scala\Hello.scala. Using presentation compiler with project's scala-library version: 3.3.7
Jul 02, 2026 11:28:59 AM org.eclipse.lsp4j.jsonrpc.RemoteEndpoint handleCancellation
WARNING: Unmatched cancel notification for request id 8
2026.07.02 11:28:59 INFO  no build target found for C:\Users\Raghav\OneDrive\Desktop\Scala\Hello.scala. Using presentation compiler with project's scala-library version: 3.3.7
2026.07.02 11:30:43 INFO  no build target found for C:\Users\Raghav\OneDrive\Desktop\Scala\Hello.scala. Using presentation compiler with project's scala-library version: 3.3.7
2026.07.02 11:30:43 INFO  no build target found for C:\Users\Raghav\OneDrive\Desktop\Scala\Hello.scala. Using presentation compiler with project's scala-library version: 3.3.7
2026.07.02 11:30:43 INFO  no build target found for C:\Users\Raghav\OneDrive\Desktop\Scala\Hello.scala. Using presentation compiler with project's scala-library version: 3.3.7
2026.07.02 11:30:44 INFO  no build target found for C:\Users\Raghav\OneDrive\Desktop\Scala\Hello.scala. Using presentation compiler with project's scala-library version: 3.3.7
2026.07.02 11:30:44 WARN  no build target for: C:\Users\Raghav\OneDrive\Desktop\Scala\Hello.scala
2026.07.02 11:30:44 INFO  no build target found for C:\Users\Raghav\OneDrive\Desktop\Scala\Hello.scala. Using presentation compiler with project's scala-library version: 3.3.7
2026.07.02 11:30:44 INFO  no build target found for C:\Users\Raghav\OneDrive\Desktop\Scala\Hello.scala. Using presentation compiler with project's scala-library version: 3.3.7
2026.07.02 11:30:44 INFO  no build target found for C:\Users\Raghav\OneDrive\Desktop\Scala\Hello.scala. Using presentation compiler with project's scala-library version: 3.3.7
2026.07.02 11:30:45 WARN  no build target for: C:\Users\Raghav\OneDrive\Desktop\Scala\Hello.scala
2026.07.02 11:30:45 INFO  no build target found for C:\Users\Raghav\OneDrive\Desktop\Scala\Hello.scala. Using presentation compiler with project's scala-library version: 3.3.7
2026.07.02 12:01:42 INFO  Shutting down server
2026.07.02 12:01:42 INFO  Memory monitor stopped
2026.07.02 12:01:42 INFO  shutting down Metals
2026.07.02 12:01:42 INFO  Exiting server
